<?xml version="1.0" encoding="UTF-8"?>
<!-- Generated by org.testng.reporters.JUnitReportReporter -->
<testsuite skipped="0" hostname="WKS-3-766" name="StepDefinition.SDefinition" tests="6" failures="0" timestamp="24 May 2019 13:42:28 GMT" time="656.457" errors="0">
  <testcase name="Navigate_to_URL" time="275.193" classname="StepDefinition.SDefinition"/>
  <testcase name="print_it_on_console" time="0.219" classname="StepDefinition.SDefinition"/>
  <testcase name="Navigate_to_URL" time="275.756" classname="StepDefinition.SDefinition"/>
  <testcase name="print_it_on_console" time="0.078" classname="StepDefinition.SDefinition"/>
  <testcase name="print_it_on_console" time="0.125" classname="StepDefinition.SDefinition"/>
  <testcase name="Navigate_to_URL" time="105.086" classname="StepDefinition.SDefinition"/>
</testsuite> <!-- StepDefinition.SDefinition -->
